<?xml version="1.0" encoding="UTF-8"?>
<!-- Generated by org.testng.reporters.JUnitReportReporter -->
<testsuite hostname="DESKTOP-8AK31QI" failures="0" tests="1" name="com.qa.testcases.HomePage_TestCase" time="5.904" errors="0" timestamp="06 Feb 2025 14:50:36 GMT" skipped="0">
  <testcase classname="com.qa.testcases.HomePage_TestCase" name="VerifyValidLogin" time="5.904"/>
</testsuite> <!-- com.qa.testcases.HomePage_TestCase -->
