<?xml version="1.0" encoding="UTF-8"?>
<!-- Generated by org.testng.reporters.JUnitReportReporter -->
<testsuite hostname="DESKTOP-8AK31QI" failures="0" tests="1" name="com.qa.testcases.DashBoard_TestCase" time="5.163" errors="0" timestamp="20 Dec 2024 12:38:19 GMT" skipped="0">
  <testcase classname="com.qa.testcases.DashBoard_TestCase" name="VerifyDashBoardPage" time="5.163"/>
</testsuite> <!-- com.qa.testcases.DashBoard_TestCase -->
