<?xml version="1.0" encoding="UTF-8"?>
<!-- Generated by org.testng.reporters.JUnitReportReporter -->
<testsuite hostname="DESKTOP-8AK31QI" failures="0" tests="1" name="com.qa.testcases.DashBoard_TestCase" time="8.150" errors="0" timestamp="17 Jan 2025 16:58:55 GMT" skipped="0">
  <testcase classname="com.qa.testcases.DashBoard_TestCase" name="VerifyDashBoardPage" time="8.150"/>
</testsuite> <!-- com.qa.testcases.DashBoard_TestCase -->
