<?xml version="1.0" encoding="UTF-8"?>
<!-- Generated by org.testng.reporters.JUnitReportReporter -->
<testsuite hostname="DESKTOP-5M0TAO1" failures="0" tests="1" name="com.qa.testcases.DashBoard_TestCase" time="3.528" errors="0" timestamp="20 Jun 2025 10:06:38 GMT" skipped="0">
  <testcase classname="com.qa.testcases.DashBoard_TestCase" name="VerifyDashBoardPage" time="3.528"/>
</testsuite> <!-- com.qa.testcases.DashBoard_TestCase -->
