<?xml version="1.0" encoding="UTF-8"?>
<!-- Generated by org.testng.reporters.JUnitReportReporter -->
<testsuite hostname="DESKTOP-5M0TAO1" failures="0" tests="1" name="com.qa.testcases.DashBoard_TestCase" time="5.354" errors="0" timestamp="07 May 2025 04:57:33 GMT" skipped="0">
  <testcase classname="com.qa.testcases.DashBoard_TestCase" name="VerifyDashBoardPage" time="5.354"/>
</testsuite> <!-- com.qa.testcases.DashBoard_TestCase -->
